C51 COMPILER V9.53.0.0   MAIN                                                              10/18/2015 21:32:37 PAGE 1   


C51 COMPILER V9.53.0.0, COMPILATION OF MODULE MAIN
OBJECT MODULE PLACED IN main.OBJ
COMPILER INVOKED BY: D:\Keil_v5\C51\BIN\C51.EXE main.c OPTIMIZE(8,SPEED) BROWSE DEBUG OBJECTEXTEND

line level    source

   1          #include <c8051f120.h>
   2          #include "Init.h"
   3          #include "Timer.h"
   4          
   5          //-----------------------------------------------------------------------------
   6          // Global Constants
   7          //-----------------------------------------------------------------------------
   8          
   9          #define BAUDRATE     9600            // Baud rate of UART in bps
  10          
  11          // SYSTEMCLOCK = System clock frequency in Hz
  12          #define SYSTEMCLOCK       (22118400L * 9 / 4)
  13          
  14          //-----------------------------------------------------------------------------
  15          // Global Variables
  16          //-----------------------------------------------------------------------------
  17          //----------------------PWM----------------------------------------------------
  18          #define PWM1_HighLevelPercent 0.1
  19          #define PWM3_HighLevelPercent 0.1
  20          sbit PWM1       =       P3^2;                      
  21          sbit PWM3   =   P3^3;
  22          bit pwm1_flag=0;
  23          bit pwm3_flag=0;
  24          unsigned int PWM1_HighLevelCount=0;
  25          unsigned int PWM1_LowLevelCount=0;
  26          unsigned int PWM3_HighLevelCount=0;
  27          unsigned int PWM3_LowLevelCount=0;
  28          
  29          
  30          void main (void)
  31          {
  32   1           
  33   1              SFRPAGE = CONFIG_PAGE;
  34   1      
  35   1              WDTCN = 0xDE;                       // Disable watchdog timer
  36   1              WDTCN = 0xAD;
  37   1      
  38   1              OSCILLATOR_Init ();                 // Initialize oscillator
  39   1              PORT_Init ();                       // Initialize crossbar and GPIO
  40   1              TIMER0_Init(SYSTEMCLOCK/2000);
  41   1              TIMER1_Init(SYSTEMCLOCK/2000);
*** WARNING C206 IN LINE 41 OF main.c: 'TIMER1_Init': missing function-prototype
*** ERROR C267 IN LINE 41 OF main.c: 'TIMER1_Init': requires ANSI-style prototype
  42   1      
  43   1              EA = 1;
  44   1              while (1)
  45   1              {  
  46   2                      ;
  47   2              }
  48   1      }

C51 COMPILATION COMPLETE.  1 WARNING(S),  1 ERROR(S)
